[21:07:09] [main/INFO]: Setting user: ForgeDevName
[21:07:11] [Client thread/INFO]: LWJGL Version: 2.9.1
[21:07:18] [Client thread/INFO]: Reloading ResourceManager: Default, FMLFileResourcePack:Forge Mod Loader, FMLFileResourcePack:Minecraft Forge, FMLFileResourcePack:Mo' Furnaces Mod
[21:07:19] [Sound Library Loader/INFO]: Sound engine started
[21:07:25] [Client thread/INFO]: Created: 512x256 textures/blocks-atlas
[21:07:26] [Client thread/ERROR]: Using missing texture, unable to load mfm:textures/items/UpgradeBrightness.png
java.io.FileNotFoundException: mfm:textures/items/UpgradeBrightness.png
	at net.minecraft.client.resources.FallbackResourceManager.getResource(FallbackResourceManager.java:65) ~[FallbackResourceManager.class:?]
	at net.minecraft.client.resources.SimpleReloadableResourceManager.getResource(SimpleReloadableResourceManager.java:67) ~[SimpleReloadableResourceManager.class:?]
	at net.minecraft.client.renderer.texture.TextureMap.loadTextureAtlas(TextureMap.java:126) [TextureMap.class:?]
	at net.minecraft.client.renderer.texture.TextureMap.loadTexture(TextureMap.java:91) [TextureMap.class:?]
	at net.minecraft.client.renderer.texture.TextureManager.loadTexture(TextureManager.java:89) [TextureManager.class:?]
	at net.minecraft.client.renderer.texture.TextureManager.loadTickableTexture(TextureManager.java:71) [TextureManager.class:?]
	at net.minecraft.client.renderer.texture.TextureManager.loadTextureMap(TextureManager.java:58) [TextureManager.class:?]
	at net.minecraft.client.Minecraft.startGame(Minecraft.java:593) [Minecraft.class:?]
	at net.minecraft.client.Minecraft.run(Minecraft.java:941) [Minecraft.class:?]
	at net.minecraft.client.main.Main.main(Main.java:164) [Main.class:?]
	at sun.reflect.NativeMethodAccessorImpl.invoke0(Native Method) ~[?:1.7.0_71]
	at sun.reflect.NativeMethodAccessorImpl.invoke(Unknown Source) ~[?:1.7.0_71]
	at sun.reflect.DelegatingMethodAccessorImpl.invoke(Unknown Source) ~[?:1.7.0_71]
	at java.lang.reflect.Method.invoke(Unknown Source) ~[?:1.7.0_71]
	at net.minecraft.launchwrapper.Launch.launch(Launch.java:134) [launchwrapper-1.9.jar:?]
	at net.minecraft.launchwrapper.Launch.main(Launch.java:28) [launchwrapper-1.9.jar:?]
	at sun.reflect.NativeMethodAccessorImpl.invoke0(Native Method) ~[?:1.7.0_71]
	at sun.reflect.NativeMethodAccessorImpl.invoke(Unknown Source) ~[?:1.7.0_71]
	at sun.reflect.DelegatingMethodAccessorImpl.invoke(Unknown Source) ~[?:1.7.0_71]
	at java.lang.reflect.Method.invoke(Unknown Source) ~[?:1.7.0_71]
	at GradleStart.bounce(GradleStart.java:107) [start/:?]
	at GradleStart.startClient(GradleStart.java:100) [start/:?]
	at GradleStart.main(GradleStart.java:55) [start/:?]
[21:07:26] [Client thread/INFO]: Created: 256x256 textures/items-atlas
[21:07:26] [Client thread/INFO]: Reloading ResourceManager: Default, FMLFileResourcePack:Forge Mod Loader, FMLFileResourcePack:Minecraft Forge, FMLFileResourcePack:Mo' Furnaces Mod
[21:07:26] [Client thread/ERROR]: Using missing texture, unable to load mfm:textures/items/UpgradeBrightness.png
java.io.FileNotFoundException: mfm:textures/items/UpgradeBrightness.png
	at net.minecraft.client.resources.FallbackResourceManager.getResource(FallbackResourceManager.java:65) ~[FallbackResourceManager.class:?]
	at net.minecraft.client.resources.SimpleReloadableResourceManager.getResource(SimpleReloadableResourceManager.java:67) ~[SimpleReloadableResourceManager.class:?]
	at net.minecraft.client.renderer.texture.TextureMap.loadTextureAtlas(TextureMap.java:126) [TextureMap.class:?]
	at net.minecraft.client.renderer.texture.TextureMap.loadTexture(TextureMap.java:91) [TextureMap.class:?]
	at net.minecraft.client.renderer.texture.TextureManager.loadTexture(TextureManager.java:89) [TextureManager.class:?]
	at net.minecraft.client.renderer.texture.TextureManager.onResourceManagerReload(TextureManager.java:170) [TextureManager.class:?]
	at net.minecraft.client.resources.SimpleReloadableResourceManager.notifyReloadListeners(SimpleReloadableResourceManager.java:134) [SimpleReloadableResourceManager.class:?]
	at net.minecraft.client.resources.SimpleReloadableResourceManager.reloadResources(SimpleReloadableResourceManager.java:118) [SimpleReloadableResourceManager.class:?]
	at net.minecraft.client.Minecraft.refreshResources(Minecraft.java:653) [Minecraft.class:?]
	at cpw.mods.fml.client.FMLClientHandler.finishMinecraftLoading(FMLClientHandler.java:303) [FMLClientHandler.class:?]
	at net.minecraft.client.Minecraft.startGame(Minecraft.java:596) [Minecraft.class:?]
	at net.minecraft.client.Minecraft.run(Minecraft.java:941) [Minecraft.class:?]
	at net.minecraft.client.main.Main.main(Main.java:164) [Main.class:?]
	at sun.reflect.NativeMethodAccessorImpl.invoke0(Native Method) ~[?:1.7.0_71]
	at sun.reflect.NativeMethodAccessorImpl.invoke(Unknown Source) ~[?:1.7.0_71]
	at sun.reflect.DelegatingMethodAccessorImpl.invoke(Unknown Source) ~[?:1.7.0_71]
	at java.lang.reflect.Method.invoke(Unknown Source) ~[?:1.7.0_71]
	at net.minecraft.launchwrapper.Launch.launch(Launch.java:134) [launchwrapper-1.9.jar:?]
	at net.minecraft.launchwrapper.Launch.main(Launch.java:28) [launchwrapper-1.9.jar:?]
	at sun.reflect.NativeMethodAccessorImpl.invoke0(Native Method) ~[?:1.7.0_71]
	at sun.reflect.NativeMethodAccessorImpl.invoke(Unknown Source) ~[?:1.7.0_71]
	at sun.reflect.DelegatingMethodAccessorImpl.invoke(Unknown Source) ~[?:1.7.0_71]
	at java.lang.reflect.Method.invoke(Unknown Source) ~[?:1.7.0_71]
	at GradleStart.bounce(GradleStart.java:107) [start/:?]
	at GradleStart.startClient(GradleStart.java:100) [start/:?]
	at GradleStart.main(GradleStart.java:55) [start/:?]
[21:07:26] [Client thread/INFO]: Created: 256x256 textures/items-atlas
[21:07:26] [Client thread/INFO]: Created: 512x256 textures/blocks-atlas
[21:07:27] [Sound Library Loader/INFO]: Sound engine started
[21:07:34] [Server thread/INFO]: Starting integrated minecraft server version 1.7.10
[21:07:34] [Server thread/INFO]: Generating keypair
[21:07:35] [Server thread/INFO]: Preparing start region for level 0
[21:07:36] [Server thread/INFO]: Changing view distance to 12, from 10
[21:07:37] [Server thread/INFO]: ForgeDevName[local:E:60cde23b] logged in with entity id 473 at (1736.6901398276107, 4.0, -1029.9692331850456)
[21:07:37] [Server thread/INFO]: ForgeDevName joined the game
[21:07:38] [Server thread/INFO]: [CHAT] [§9MoFurnacesMod§r] §5Mod is up to date.
[21:07:39] [Server thread/WARN]: Can't keep up! Did the system time change, or is the server overloaded? Running 2241ms behind, skipping 44 tick(s)
[21:07:54] [Server thread/INFO]: Saving and pausing game...
[21:07:54] [Server thread/INFO]: Saving chunks for level 'Test World'/Overworld
[21:07:55] [Server thread/INFO]: Saving chunks for level 'Test World'/Nether
[21:07:55] [Server thread/INFO]: Saving chunks for level 'Test World'/The End
[21:07:55] [Server thread/INFO]: Stopping server
[21:07:55] [Server thread/INFO]: Saving players
[21:07:55] [Server thread/INFO]: Saving worlds
[21:07:55] [Server thread/INFO]: Saving chunks for level 'Test World'/Overworld
[21:07:55] [Server thread/INFO]: Saving chunks for level 'Test World'/Nether
[21:07:55] [Server thread/INFO]: Saving chunks for level 'Test World'/The End
[21:07:57] [Client thread/INFO]: Stopping!
