#
# A fatal error has been detected by the Java Runtime Environment:
#
#  EXCEPTION_ACCESS_VIOLATION (0xc0000005) at pc=0x000000000f1e1066, pid=8620, tid=3520
#
# JRE version: Java(TM) SE Runtime Environment (7.0_71-b14) (build 1.7.0_71-b14)
# Java VM: Java HotSpot(TM) 64-Bit Server VM (24.71-b01 mixed mode windows-amd64 compressed oops)
# Problematic frame:
# C  [OpenAL64.dll+0x11066]
#
# Failed to write core dump. Minidumps are not enabled by default on client versions of Windows
#
# If you would like to submit a bug report, please visit:
#   http://bugreport.sun.com/bugreport/crash.jsp
# The crash happened outside the Java Virtual Machine in native code.
# See problematic frame for where to report the bug.
#

---------------  T H R E A D  ---------------

Current thread (0x000000000e486000):  JavaThread "Thread-8" [_thread_in_native, id=3520, stack(0x0000000014a80000,0x0000000014b80000)]

siginfo: ExceptionCode=0xc0000005, reading address 0x000000000c287004

Registers:
RAX=0x0000000000000004, RBX=0x0000000015748e10, RCX=0x000000000c287008, RDX=0x000000000c287004
RSP=0x0000000014b7ef80, RBP=0x00000000000000ff, RSI=0x000000000c286fbc, RDI=0x0000000000000000
R8 =0x0000000000000012, R9 =0x000000000c286fbc, R10=0x0000000002bc2ae4, R11=0x000000006be13900
R12=0x0000000000000001, R13=0x00000000fc847e38, R14=0x0000000014b7f118, R15=0x000000000e486000
RIP=0x000000000f1e1066, EFLAGS=0x0000000000010202

Top of Stack: (sp=0x0000000014b7ef80)
0x0000000014b7ef80:   0000000014b7ef98 0000000014b7efe8
0x0000000014b7ef90:   0000000002bb68c3 00000000c9a9a0f0
0x0000000014b7efa0:   00000000d0ee2eb8 0000000014b7efa8
0x0000000014b7efb0:   00000000fc1d23d4 0000000014b7eff8
0x0000000014b7efc0:   00000000fc1d5ee0 000000006bd3d848
0x0000000014b7efd0:   0000000000000000 000000000e486000
0x0000000014b7efe0:   0000000014b7eff8 0000000000000007
0x0000000014b7eff0:   000000000e486000 0000000014b7f118
0x0000000014b7f000:   00000000fc847e38 0000000000000000
0x0000000014b7f010:   000000000c286fbc 00000000fc0c57b8
0x0000000014b7f020:   0000000014b7f0e0 000000000f1e248f
0x0000000014b7f030:   0000000015748e10 0000000015748e10
0x0000000014b7f040:   000000000000ac44 0000000000000004
0x0000000014b7f050:   0000000002bb6215 0000000002bc2b10
0x0000000014b7f060:   00000000fc847e38 00000000fc1d2ccd
0x0000000014b7f070:   0000000014b7f0b0 00000000fc1d5ee0 

Instructions: (pc=0x000000000f1e1066)
0x000000000f1e1046:   41 2b ec 81 3a 03 00 02 00 75 09 8b 01 89 84 24
0x000000000f1e1056:   c8 00 00 00 49 83 c0 02 48 83 c1 08 4a 8d 14 86
0x000000000f1e1066:   39 3a 75 af 4c 8d 84 24 c0 00 00 00 48 8d 15 d7
0x000000000f1e1076:   2b 03 00 33 c9 e8 58 5f 00 00 b8 40 1f 00 00 4c 


Register to memory mapping:

RAX=0x0000000000000004 is an unknown value
RBX=0x0000000015748e10 is an unknown value
RCX=0x000000000c287008 is an unknown value
RDX=0x000000000c287004 is an unknown value
RSP=0x0000000014b7ef80 is pointing into the stack for thread: 0x000000000e486000
RBP=0x00000000000000ff is an unknown value
RSI=0x000000000c286fbc is an unknown value
RDI=0x0000000000000000 is an unknown value
R8 =0x0000000000000012 is an unknown value
R9 =0x000000000c286fbc is an unknown value
R10=0x0000000002bc2ae4 is at code_begin+644 in an Interpreter codelet
method entry point (kind = native)  [0x0000000002bc2860, 0x0000000002bc3100]  2208 bytes
R11=0x000000006be13900 is an unknown value
R12=0x0000000000000001 is an unknown value
R13=0x00000000fc847e38 is an oop
{method} 
 - klass: {other class}
R14=0x0000000014b7f118 is pointing into the stack for thread: 0x000000000e486000
R15=0x000000000e486000 is a thread


Stack: [0x0000000014a80000,0x0000000014b80000],  sp=0x0000000014b7ef80,  free space=1019k
Native frames: (J=compiled Java code, j=interpreted, Vv=VM code, C=native code)
C  [OpenAL64.dll+0x11066]

Java frames: (J=compiled Java code, j=interpreted, Vv=VM code)
j  org.lwjgl.openal.ALC10.nalcCreateContext(JJ)J+0
j  org.lwjgl.openal.ALC10.alcCreateContext(Lorg/lwjgl/openal/ALCdevice;Ljava/nio/IntBuffer;)Lorg/lwjgl/openal/ALCcontext;+8
j  org.lwjgl.openal.AL.init(Ljava/lang/String;IIZZ)V+69
j  org.lwjgl.openal.AL.create(Ljava/lang/String;IIZZ)V+227
j  org.lwjgl.openal.AL.create(Ljava/lang/String;IIZ)V+5
j  org.lwjgl.openal.AL.create()V+6
j  paulscode.sound.libraries.LibraryLWJGLOpenAL.init()V+2
j  paulscode.sound.SoundSystem.CommandNewLibrary(Ljava/lang/Class;)V+273
j  paulscode.sound.SoundSystem.CommandQueue(Lpaulscode/sound/CommandObject;)Z+1206
j  paulscode.sound.CommandThread.run()V+51
v  ~StubRoutines::call_stub

---------------  P R O C E S S  ---------------

Java Threads: ( => current thread )
  0x000000000e7ed000 JavaThread "Thread-9" [_thread_blocked, id=8272, stack(0x0000000014b80000,0x0000000014c80000)]
=>0x000000000e486000 JavaThread "Thread-8" [_thread_in_native, id=3520, stack(0x0000000014a80000,0x0000000014b80000)]
  0x000000000b7c4000 JavaThread "Sound Library Loader" [_thread_blocked, id=6984, stack(0x0000000014870000,0x0000000014970000)]
  0x000000000c7a1800 JavaThread "Java2D Disposer" daemon [_thread_blocked, id=5636, stack(0x000000000f280000,0x000000000f380000)]
  0x000000000c333000 JavaThread "Timer hack thread" daemon [_thread_blocked, id=9056, stack(0x000000000f0c0000,0x000000000f1c0000)]
  0x000000000a389000 JavaThread "Snooper Timer" daemon [_thread_blocked, id=6304, stack(0x000000000f3b0000,0x000000000f4b0000)]
  0x000000000a35a800 JavaThread "Service Thread" daemon [_thread_blocked, id=7928, stack(0x000000000aef0000,0x000000000aff0000)]
  0x000000000a359800 JavaThread "C2 CompilerThread1" daemon [_thread_blocked, id=5448, stack(0x000000000adf0000,0x000000000aef0000)]
  0x000000000a34f800 JavaThread "C2 CompilerThread0" daemon [_thread_in_native, id=3568, stack(0x000000000acf0000,0x000000000adf0000)]
  0x000000000a34c800 JavaThread "Attach Listener" daemon [_thread_blocked, id=6072, stack(0x000000000abf0000,0x000000000acf0000)]
  0x000000000a34a000 JavaThread "Signal Dispatcher" daemon [_thread_blocked, id=3824, stack(0x000000000aaf0000,0x000000000abf0000)]
  0x000000000a349000 JavaThread "Surrogate Locker Thread (Concurrent GC)" daemon [_thread_blocked, id=4316, stack(0x000000000a9f0000,0x000000000aaf0000)]
  0x000000000a30f800 JavaThread "Finalizer" daemon [_thread_blocked, id=8360, stack(0x000000000a8f0000,0x000000000a9f0000)]
  0x000000000a308800 JavaThread "Reference Handler" daemon [_thread_blocked, id=680, stack(0x000000000a7f0000,0x000000000a8f0000)]
  0x0000000002ab4800 JavaThread "Client thread" [_thread_in_native, id=8876, stack(0x00000000029b0000,0x0000000002ab0000)]

Other Threads:
  0x000000000a302000 VMThread [stack: 0x000000000a6f0000,0x000000000a7f0000] [id=904]
  0x000000000a3a7800 WatcherThread [stack: 0x000000000aff0000,0x000000000b0f0000] [id=2528]

VM state:not at safepoint (normal execution)

VM Mutex/Monitor currently owned by a thread: None

Heap
 par new generation   total 306688K, used 278084K [0x00000000bae00000, 0x00000000cfac0000, 0x00000000cfac0000)
  eden space 272640K,  89% used [0x00000000bae00000, 0x00000000c9c51008, 0x00000000cb840000)
  from space 34048K, 100% used [0x00000000cd980000, 0x00000000cfac0000, 0x00000000cfac0000)
  to   space 34048K,   0% used [0x00000000cb840000, 0x00000000cb840000, 0x00000000cd980000)
 concurrent mark-sweep generation total 707840K, used 46888K [0x00000000cfac0000, 0x00000000fae00000, 0x00000000fae00000)
 concurrent-mark-sweep perm gen total 44992K, used 28096K [0x00000000fae00000, 0x00000000fd9f0000, 0x0000000100000000)

Card table byte_map: [0x0000000005fb0000,0x00000000061e0000] byte_map_base: 0x00000000059d9000

Polling page: 0x0000000000fd0000

Code Cache  [0x0000000002bb0000, 0x0000000002ea0000, 0x0000000005bb0000)
 total_blobs=1412 nmethods=808 adapters=557 free_code_cache=46266Kb largest_free_block=47273984

Compilation events (10 events):
Event: 25.595 Thread 0x000000000a359800 nmethod 884 0x0000000002e41050 code [0x0000000002e41180, 0x0000000002e411d8]
Event: 25.820 Thread 0x000000000a34f800  885             org.lwjgl.opengl.GL11::glTexParameteri (24 bytes)
Event: 25.821 Thread 0x000000000a34f800 nmethod 885 0x0000000002e42790 code [0x0000000002e428e0, 0x0000000002e429e8]
Event: 25.838 Thread 0x000000000a359800  887             java.nio.Buffer::remaining (10 bytes)
Event: 25.839 Thread 0x000000000a359800 nmethod 887 0x0000000002e40d90 code [0x0000000002e40ec0, 0x0000000002e40f18]
Event: 26.181 Thread 0x000000000a34f800  888             java.lang.AbstractStringBuilder::append (40 bytes)
Event: 26.184 Thread 0x000000000a34f800 nmethod 888 0x0000000002e41f90 code [0x0000000002e420e0, 0x0000000002e42248]
Event: 26.186 Thread 0x000000000a359800  889             com.google.gson.stream.JsonReader::doPeek (768 bytes)
Event: 26.186 Thread 0x000000000a34f800  890             com.google.gson.internal.bind.TypeAdapters$25::read (209 bytes)
Event: 26.211 Thread 0x000000000a359800 nmethod 889 0x0000000002e39d10 code [0x0000000002e3a020, 0x0000000002e3acd8]

GC Heap History (8 events):
Event: 1.107 GC heap before
{Heap before GC invocations=0 (full 0):
 par new generation   total 306688K, used 32720K [0x00000000bae00000, 0x00000000cfac0000, 0x00000000cfac0000)
  eden space 272640K,  12% used [0x00000000bae00000, 0x00000000bcdf41c0, 0x00000000cb840000)
  from space 34048K,   0% used [0x00000000cb840000, 0x00000000cb840000, 0x00000000cd980000)
  to   space 34048K,   0% used [0x00000000cd980000, 0x00000000cd980000, 0x00000000cfac0000)
 concurrent mark-sweep generation total 707840K, used 0K [0x00000000cfac0000, 0x00000000fae00000, 0x00000000fae00000)
 concurrent-mark-sweep perm gen total 21248K, used 9456K [0x00000000fae00000, 0x00000000fc2c0000, 0x0000000100000000)
Event: 1.146 GC heap after
Heap after GC invocations=1 (full 1):
 par new generation   total 306688K, used 0K [0x00000000bae00000, 0x00000000cfac0000, 0x00000000cfac0000)
  eden space 272640K,   0% used [0x00000000bae00000, 0x00000000bae00000, 0x00000000cb840000)
  from space 34048K,   0% used [0x00000000cb840000, 0x00000000cb840000, 0x00000000cd980000)
  to   space 34048K,   0% used [0x00000000cd980000, 0x00000000cd980000, 0x00000000cfac0000)
 concurrent mark-sweep generation total 707840K, used 4050K [0x00000000cfac0000, 0x00000000fae00000, 0x00000000fae00000)
 concurrent-mark-sweep perm gen total 21248K, used 9454K [0x00000000fae00000, 0x00000000fc2c0000, 0x0000000100000000)
}
Event: 11.434 GC heap before
{Heap before GC invocations=1 (full 2):
 par new generation   total 306688K, used 272640K [0x00000000bae00000, 0x00000000cfac0000, 0x00000000cfac0000)
  eden space 272640K, 100% used [0x00000000bae00000, 0x00000000cb840000, 0x00000000cb840000)
  from space 34048K,   0% used [0x00000000cb840000, 0x00000000cb840000, 0x00000000cd980000)
  to   space 34048K,   0% used [0x00000000cd980000, 0x00000000cd980000, 0x00000000cfac0000)
 concurrent mark-sweep generation total 707840K, used 4050K [0x00000000cfac0000, 0x00000000fae00000, 0x00000000fae00000)
 concurrent-mark-sweep perm gen total 21248K, used 18859K [0x00000000fae00000, 0x00000000fc2c0000, 0x0000000100000000)
Event: 11.461 GC heap after
Heap after GC invocations=2 (full 2):
 par new generation   total 306688K, used 29922K [0x00000000bae00000, 0x00000000cfac0000, 0x00000000cfac0000)
  eden space 272640K,   0% used [0x00000000bae00000, 0x00000000bae00000, 0x00000000cb840000)
  from space 34048K,  87% used [0x00000000cd980000, 0x00000000cf6b8810, 0x00000000cfac0000)
  to   space 34048K,   0% used [0x00000000cb840000, 0x00000000cb840000, 0x00000000cd980000)
 concurrent mark-sweep generation total 707840K, used 4050K [0x00000000cfac0000, 0x00000000fae00000, 0x00000000fae00000)
 concurrent-mark-sweep perm gen total 21248K, used 18859K [0x00000000fae00000, 0x00000000fc2c0000, 0x0000000100000000)
}
Event: 15.657 GC heap before
{Heap before GC invocations=2 (full 2):
 par new generation   total 306688K, used 302562K [0x00000000bae00000, 0x00000000cfac0000, 0x00000000cfac0000)
  eden space 272640K, 100% used [0x00000000bae00000, 0x00000000cb840000, 0x00000000cb840000)
  from space 34048K,  87% used [0x00000000cd980000, 0x00000000cf6b8810, 0x00000000cfac0000)
  to   space 34048K,   0% used [0x00000000cb840000, 0x00000000cb840000, 0x00000000cd980000)
 concurrent mark-sweep generation total 707840K, used 2076K [0x00000000cfac0000, 0x00000000fae00000, 0x00000000fae00000)
 concurrent-mark-sweep perm gen total 38316K, used 23015K [0x00000000fae00000, 0x00000000fd36b000, 0x0000000100000000)
Event: 15.763 GC heap after
Heap after GC invocations=3 (full 2):
 par new generation   total 306688K, used 34048K [0x00000000bae00000, 0x00000000cfac0000, 0x00000000cfac0000)
  eden space 272640K,   0% used [0x00000000bae00000, 0x00000000bae00000, 0x00000000cb840000)
  from space 34048K, 100% used [0x00000000cb840000, 0x00000000cd980000, 0x00000000cd980000)
  to   space 34048K,   0% used [0x00000000cd980000, 0x00000000cd980000, 0x00000000cfac0000)
 concurrent mark-sweep generation total 707840K, used 46055K [0x00000000cfac0000, 0x00000000fae00000, 0x00000000fae00000)
 concurrent-mark-sweep perm gen total 38316K, used 23015K [0x00000000fae00000, 0x00000000fd36b000, 0x0000000100000000)
}
Event: 19.705 GC heap before
{Heap before GC invocations=3 (full 3):
 par new generation   total 306688K, used 306688K [0x00000000bae00000, 0x00000000cfac0000, 0x00000000cfac0000)
  eden space 272640K, 100% used [0x00000000bae00000, 0x00000000cb840000, 0x00000000cb840000)
  from space 34048K, 100% used [0x00000000cb840000, 0x00000000cd980000, 0x00000000cd980000)
  to   space 34048K,   0% used [0x00000000cd980000, 0x00000000cd980000, 0x00000000cfac0000)
 concurrent mark-sweep generation total 707840K, used 46055K [0x00000000cfac0000, 0x00000000fae00000, 0x00000000fae00000)
 concurrent-mark-sweep perm gen total 38316K, used 26950K [0x00000000fae00000, 0x00000000fd36b000, 0x0000000100000000)
Event: 19.756 GC heap after
Heap after GC invocations=4 (full 3):
 par new generation   total 306688K, used 34048K [0x00000000bae00000, 0x00000000cfac0000, 0x00000000cfac0000)
  eden space 272640K,   0% used [0x00000000bae00000, 0x00000000bae00000, 0x00000000cb840000)
  from space 34048K, 100% used [0x00000000cd980000, 0x00000000cfac0000, 0x00000000cfac0000)
  to   space 34048K,   0% used [0x00000000cb840000, 0x00000000cb840000, 0x00000000cd980000)
 concurrent mark-sweep generation total 707840K, used 63187K [0x00000000cfac0000, 0x00000000fae00000, 0x00000000fae00000)
 concurrent-mark-sweep perm gen total 38316K, used 26950K [0x00000000fae00000, 0x00000000fd36b000, 0x0000000100000000)
}

Deoptimization events (10 events):
Event: 25.287 Thread 0x0000000002ab4800 Uncommon trap: reason=class_check action=maybe_recompile pc=0x0000000002ddde28 method=com.google.common.collect.TransformedIterator.next()Ljava/lang/Object; @ 5
Event: 25.287 Thread 0x0000000002ab4800 Uncommon trap: reason=class_check action=maybe_recompile pc=0x0000000002ddc254 method=com.google.common.collect.Iterators$8.transform(Ljava/lang/Object;)Ljava/lang/Object; @ 5
Event: 25.287 Thread 0x0000000002ab4800 Uncommon trap: reason=class_check action=maybe_recompile pc=0x0000000002dda2ec method=com.google.common.collect.TransformedIterator.hasNext()Z @ 4
Event: 25.287 Thread 0x0000000002ab4800 Uncommon trap: reason=class_check action=maybe_recompile pc=0x0000000002ddde28 method=com.google.common.collect.TransformedIterator.next()Ljava/lang/Object; @ 5
Event: 25.287 Thread 0x0000000002ab4800 Uncommon trap: reason=class_check action=maybe_recompile pc=0x0000000002ddc254 method=com.google.common.collect.Iterators$8.transform(Ljava/lang/Object;)Ljava/lang/Object; @ 5
Event: 25.287 Thread 0x0000000002ab4800 Uncommon trap: reason=class_check action=maybe_recompile pc=0x0000000002dda2ec method=com.google.common.collect.TransformedIterator.hasNext()Z @ 4
Event: 25.287 Thread 0x0000000002ab4800 Uncommon trap: reason=class_check action=maybe_recompile pc=0x0000000002ddde28 method=com.google.common.collect.TransformedIterator.next()Ljava/lang/Object; @ 5
Event: 25.287 Thread 0x0000000002ab4800 Uncommon trap: reason=class_check action=maybe_recompile pc=0x0000000002ddc254 method=com.google.common.collect.Iterators$8.transform(Ljava/lang/Object;)Ljava/lang/Object; @ 5
Event: 25.350 Thread 0x0000000002ab4800 Uncommon trap: reason=unreached action=reinterpret pc=0x0000000002da1edc method=net.minecraft.client.resources.Locale.checkUnicode()V @ 30
Event: 26.125 Thread 0x0000000002ab4800 Uncommon trap: reason=unreached action=reinterpret pc=0x0000000002d526a0 method=java.util.HashMap.removeEntryForKey(Ljava/lang/Object;)Ljava/util/HashMap$Entry; @ 75

Internal exceptions (10 events):
Event: 26.351 Thread 0x000000000e486000 Threw 0x00000000c9a8a9e0 at C:\re\jdk7u71\1605\hotspot\src\share\vm\prims\jvm.cpp:3002
Event: 26.351 Thread 0x000000000e486000 Threw 0x00000000c9a8c188 at C:\re\jdk7u71\1605\hotspot\src\share\vm\prims\jvm.cpp:1281
Event: 26.351 Thread 0x000000000e486000 Threw 0x00000000c9a8d120 at C:\re\jdk7u71\1605\hotspot\src\share\vm\prims\jvm.cpp:1281
Event: 26.351 Thread 0x000000000e486000 Threw 0x00000000c9a8e190 at C:\re\jdk7u71\1605\hotspot\src\share\vm\prims\jvm.cpp:1281
Event: 26.351 Thread 0x000000000e486000 Threw 0x00000000c9a8f480 at C:\re\jdk7u71\1605\hotspot\src\share\vm\prims\jvm.cpp:1281
Event: 26.351 Thread 0x000000000e486000 Threw 0x00000000c9a90418 at C:\re\jdk7u71\1605\hotspot\src\share\vm\prims\jvm.cpp:1281
Event: 26.351 Thread 0x000000000e486000 Threw 0x00000000c9a91488 at C:\re\jdk7u71\1605\hotspot\src\share\vm\prims\jvm.cpp:1281
Event: 26.352 Thread 0x000000000e486000 Threw 0x00000000c9a94b58 at C:\re\jdk7u71\1605\hotspot\src\share\vm\prims\jvm.cpp:1281
Event: 26.352 Thread 0x000000000e486000 Threw 0x00000000c9a95af0 at C:\re\jdk7u71\1605\hotspot\src\share\vm\prims\jvm.cpp:1281
Event: 26.352 Thread 0x000000000e486000 Threw 0x00000000c9a96b60 at C:\re\jdk7u71\1605\hotspot\src\share\vm\prims\jvm.cpp:1281

Events (10 events):
Event: 26.124 Executing VM operation: RevokeBias
Event: 26.125 Executing VM operation: RevokeBias done
Event: 26.125 Thread 0x0000000002ab4800 Uncommon trap: trap_request=0xffffffad fr.pc=0x0000000002d526a0
Event: 26.125 Thread 0x0000000002ab4800 DEOPT PACKING pc=0x0000000002d526a0 sp=0x0000000002aadbd0
Event: 26.125 Thread 0x0000000002ab4800 DEOPT UNPACKING pc=0x0000000002be9064 sp=0x0000000002aadb70 mode 2
Event: 26.150 Thread 0x000000000b7c4000 Thread added: 0x000000000b7c4000
Event: 26.151 Thread 0x000000000e486000 Thread added: 0x000000000e486000
Event: 26.351 Executing VM operation: RevokeBias
Event: 26.351 Executing VM operation: RevokeBias done
Event: 26.351 Thread 0x000000000e7ed000 Thread added: 0x000000000e7ed000


Dynamic libraries:
0x00007ff7fe580000 - 0x00007ff7fe5b3000 	C:\Program Files\Java\jre7\bin\javaw.exe
0x00007ffef5ed0000 - 0x00007ffef6076000 	C:\WINDOWS\SYSTEM32\ntdll.dll
0x00007ffef3f90000 - 0x00007ffef40ca000 	C:\WINDOWS\system32\KERNEL32.DLL
0x00007ffef35b0000 - 0x00007ffef36bf000 	C:\WINDOWS\system32\KERNELBASE.dll
0x00007ffef1e80000 - 0x00007ffef1f08000 	C:\WINDOWS\system32\apphelp.dll
0x00007ffeed7d0000 - 0x00007ffeed81f000 	C:\WINDOWS\AppPatch\AppPatch64\AcGenral.DLL
0x00007ffef3760000 - 0x00007ffef3807000 	C:\WINDOWS\system32\msvcrt.dll
0x00007ffef3090000 - 0x00007ffef30bb000 	C:\WINDOWS\SYSTEM32\SspiCli.dll
0x00007ffef3950000 - 0x00007ffef39a1000 	C:\WINDOWS\system32\SHLWAPI.dll
0x00007ffef4250000 - 0x00007ffef43c1000 	C:\WINDOWS\system32\USER32.dll
0x00007ffef3b70000 - 0x00007ffef3ce8000 	C:\WINDOWS\system32\ole32.dll
0x00007ffef4860000 - 0x00007ffef5c6f000 	C:\WINDOWS\system32\SHELL32.dll
0x00007ffef2720000 - 0x00007ffef273e000 	C:\WINDOWS\SYSTEM32\USERENV.dll
0x00007ffef40d0000 - 0x00007ffef4175000 	C:\WINDOWS\system32\ADVAPI32.dll
0x00007ffee8b00000 - 0x00007ffee8b1b000 	C:\WINDOWS\SYSTEM32\MPR.dll
0x00007ffef3a10000 - 0x00007ffef3b47000 	C:\WINDOWS\system32\RPCRT4.dll
0x00007ffef39b0000 - 0x00007ffef3a07000 	C:\WINDOWS\SYSTEM32\sechost.dll
0x00007ffef4530000 - 0x00007ffef4706000 	C:\WINDOWS\SYSTEM32\combase.dll
0x00007ffef43e0000 - 0x00007ffef4524000 	C:\WINDOWS\system32\GDI32.dll
0x00007ffef3250000 - 0x00007ffef3264000 	C:\WINDOWS\SYSTEM32\profapi.dll
0x00007ffef18f0000 - 0x00007ffef198f000 	C:\WINDOWS\SYSTEM32\SHCORE.dll
0x00007ffef4770000 - 0x00007ffef47a4000 	C:\WINDOWS\system32\IMM32.DLL
0x00007ffef3810000 - 0x00007ffef3949000 	C:\WINDOWS\system32\MSCTF.dll
0x00007ffef12b0000 - 0x00007ffef150a000 	C:\WINDOWS\WinSxS\amd64_microsoft.windows.common-controls_6595b64144ccf1df_6.0.9600.17031_none_6242a4b3ecbb55a1\COMCTL32.dll
0x000000006c410000 - 0x000000006c4e2000 	C:\Program Files\Java\jre7\bin\msvcr100.dll
0x000000006bc30000 - 0x000000006c403000 	C:\Program Files\Java\jre7\bin\server\jvm.dll
0x00007ffeef960000 - 0x00007ffeef969000 	C:\WINDOWS\SYSTEM32\WSOCK32.dll
0x00007ffeef0a0000 - 0x00007ffeef0bf000 	C:\WINDOWS\SYSTEM32\WINMM.dll
0x00007ffef43d0000 - 0x00007ffef43d7000 	C:\WINDOWS\system32\PSAPI.DLL
0x00007ffef4180000 - 0x00007ffef41d8000 	C:\WINDOWS\system32\WS2_32.dll
0x00007ffeeef60000 - 0x00007ffeeef8a000 	C:\WINDOWS\SYSTEM32\WINMMBASE.dll
0x00007ffef4850000 - 0x00007ffef4859000 	C:\WINDOWS\system32\NSI.dll
0x00007ffef3710000 - 0x00007ffef375a000 	C:\WINDOWS\SYSTEM32\cfgmgr32.dll
0x00007ffef1fb0000 - 0x00007ffef1fd6000 	C:\WINDOWS\SYSTEM32\DEVOBJ.dll
0x000000006bc20000 - 0x000000006bc2f000 	C:\Program Files\Java\jre7\bin\verify.dll
0x000000006bbf0000 - 0x000000006bc18000 	C:\Program Files\Java\jre7\bin\java.dll
0x000000006bbd0000 - 0x000000006bbe5000 	C:\Program Files\Java\jre7\bin\zip.dll
0x000000006bbc0000 - 0x000000006bbcb000 	C:\Program Files\Java\jre7\bin\management.dll
0x000000006bba0000 - 0x000000006bbb9000 	C:\Program Files\Java\jre7\bin\net.dll
0x00007ffef2ab0000 - 0x00007ffef2b08000 	C:\WINDOWS\system32\mswsock.dll
0x000000006bb80000 - 0x000000006bb91000 	C:\Program Files\Java\jre7\bin\nio.dll
0x00007ffeea050000 - 0x00007ffeea064000 	C:\WINDOWS\system32\napinsp.dll
0x00007ffeea070000 - 0x00007ffeea089000 	C:\WINDOWS\system32\pnrpnsp.dll
0x00007ffef04a0000 - 0x00007ffef04b9000 	C:\WINDOWS\system32\NLAapi.dll
0x00007ffef28c0000 - 0x00007ffef2963000 	C:\WINDOWS\SYSTEM32\DNSAPI.dll
0x00007ffeec8b0000 - 0x00007ffeec8bc000 	C:\WINDOWS\System32\winrnr.dll
0x00007ffeec8c0000 - 0x00007ffeec8d3000 	C:\WINDOWS\system32\wshbth.dll
0x00007ffeeb0e0000 - 0x00007ffeeb0e9000 	C:\Windows\System32\rasadhlp.dll
0x00007ffeeef00000 - 0x00007ffeeef29000 	C:\WINDOWS\SYSTEM32\IPHLPAPI.DLL
0x00007ffeeebc0000 - 0x00007ffeeebca000 	C:\WINDOWS\SYSTEM32\WINNSI.DLL
0x00007ffeee090000 - 0x00007ffeee0f8000 	C:\WINDOWS\System32\fwpuclnt.dll
0x0000000180000000 - 0x0000000180051000 	C:\Users\Matthew\Desktop\Modding\MoFurnaces-v2\build\natives\lwjgl64.dll
0x00007ffee7110000 - 0x00007ffee7231000 	C:\WINDOWS\SYSTEM32\OPENGL32.dll
0x00007ffef04e0000 - 0x00007ffef04ea000 	C:\WINDOWS\SYSTEM32\VERSION.dll
0x00007ffeed890000 - 0x00007ffeed8bc000 	C:\WINDOWS\SYSTEM32\GLU32.dll
0x00007ffee59d0000 - 0x00007ffee5ac4000 	C:\WINDOWS\SYSTEM32\DDRAW.dll
0x00007ffeed560000 - 0x00007ffeed569000 	C:\WINDOWS\SYSTEM32\DCIMAN32.dll
0x00007ffef2b10000 - 0x00007ffef2b2e000 	C:\WINDOWS\SYSTEM32\CRYPTSP.dll
0x00007ffef2770000 - 0x00007ffef27a5000 	C:\WINDOWS\system32\rsaenh.dll
0x00007ffef2da0000 - 0x00007ffef2dc6000 	C:\WINDOWS\SYSTEM32\bcrypt.dll
0x00007ffef30c0000 - 0x00007ffef3120000 	C:\WINDOWS\system32\bcryptprimitives.dll
0x00007ffef3120000 - 0x00007ffef312a000 	C:\WINDOWS\SYSTEM32\CRYPTBASE.dll
0x00007ffeedfd0000 - 0x00007ffeedfe4000 	C:\WINDOWS\SYSTEM32\dhcpcsvc6.DLL
0x00007ffeee1a0000 - 0x00007ffeee1b9000 	C:\WINDOWS\SYSTEM32\dhcpcsvc.DLL
0x000000006b9e0000 - 0x000000006bb75000 	C:\Program Files\Java\jre7\bin\awt.dll
0x00007ffef3cf0000 - 0x00007ffef3da7000 	C:\WINDOWS\system32\OLEAUT32.dll
0x00007ffef1fe0000 - 0x00007ffef2101000 	C:\WINDOWS\system32\uxtheme.dll
0x00007ffef1720000 - 0x00007ffef1740000 	C:\WINDOWS\system32\dwmapi.dll
0x00007ffeed540000 - 0x00007ffeed558000 	C:\WINDOWS\SYSTEM32\atig6pxx.dll
0x0000000069e90000 - 0x000000006b9d4000 	C:\WINDOWS\SYSTEM32\atio6axx.dll
0x00007ffef3db0000 - 0x00007ffef3f84000 	C:\WINDOWS\system32\SETUPAPI.dll
0x00007ffeed190000 - 0x00007ffeed2c7000 	C:\WINDOWS\SYSTEM32\atiadlxx.dll
0x00007ffeee8e0000 - 0x00007ffeeea4f000 	C:\WINDOWS\SYSTEM32\PROPSYS.dll
0x00007ffef1e60000 - 0x00007ffef1e71000 	C:\WINDOWS\SYSTEM32\WTSAPI32.dll
0x00007ffef36c0000 - 0x00007ffef370c000 	C:\WINDOWS\system32\WINTRUST.dll
0x00007ffef33d0000 - 0x00007ffef35a7000 	C:\WINDOWS\system32\CRYPT32.dll
0x00007ffef3300000 - 0x00007ffef3312000 	C:\WINDOWS\system32\MSASN1.dll
0x00007ffeed510000 - 0x00007ffeed539000 	C:\WINDOWS\SYSTEM32\atig6txx.dll
0x00007ffef1fa0000 - 0x00007ffef1faa000 	C:\WINDOWS\SYSTEM32\kernel.appcore.dll
0x00007ffee7080000 - 0x00007ffee710d000 	C:\WINDOWS\SYSTEM32\mscms.dll
0x00007ffeed4c0000 - 0x00007ffeed501000 	C:\WINDOWS\SYSTEM32\icm32.dll
0x0000000070a40000 - 0x0000000070adc000 	C:\Users\Matthew\Desktop\Modding\MoFurnaces-v2\build\natives\avutil-ttv-51.dll
0x0000000065980000 - 0x00000000659d6000 	C:\Users\Matthew\Desktop\Modding\MoFurnaces-v2\build\natives\swresample-ttv-0.dll
0x000000006eb80000 - 0x000000006ec50000 	C:\Users\Matthew\Desktop\Modding\MoFurnaces-v2\build\natives\libmp3lame-ttv.dll
0x00007ffed18c0000 - 0x00007ffed2c64000 	C:\Users\Matthew\Desktop\Modding\MoFurnaces-v2\build\natives\libmfxsw64.dll
0x00007ffee1660000 - 0x00007ffee178b000 	C:\Users\Matthew\Desktop\Modding\MoFurnaces-v2\build\natives\twitchsdk.dll
0x00007ffeebd00000 - 0x00007ffeebf3b000 	C:\WINDOWS\SYSTEM32\WININET.dll
0x00007ffeebf40000 - 0x00007ffeec1f0000 	C:\WINDOWS\SYSTEM32\iertutil.dll
0x000000000f1d0000 - 0x000000000f234000 	C:\Users\Matthew\Desktop\Modding\MoFurnaces-v2\build\natives\OpenAL64.dll
0x00007ffef5c70000 - 0x00007ffef5d14000 	C:\WINDOWS\SYSTEM32\clbcatq.dll
0x00007ffef09e0000 - 0x00007ffef0a42000 	C:\WINDOWS\System32\MMDevApi.dll
0x00007ffee6e20000 - 0x00007ffee6ea7000 	C:\WINDOWS\SYSTEM32\dsound.dll
0x00007ffef31f0000 - 0x00007ffef3235000 	C:\WINDOWS\SYSTEM32\POWRPROF.dll
0x00007ffee53a0000 - 0x00007ffee5416000 	C:\WINDOWS\SYSTEM32\AUDIOSES.DLL
0x00007ffef0640000 - 0x00007ffef07c8000 	C:\WINDOWS\SYSTEM32\dbghelp.dll

VM Arguments:
jvm_args: -Xincgc -Xmx1024M -Xms1024M -Djava.library.path=C:\Users\Matthew\Desktop\Modding\MoFurnaces-v2\build\natives;C:\Users\Matthew\Desktop\Modding\MoFurnaces-v2\build\natives;C:\Users\Matthew\Desktop\Modding\MoFurnaces-v2\build\natives;C:\Users\Matthew\Desktop\Modding\MoFurnaces-v2\build\natives;C:\Users\Matthew\Desktop\Modding\MoFurnaces-v2\build\natives;C:\Users\Matthew\Desktop\Modding\MoFurnaces-v2\build\natives;C:\Users\Matthew\Desktop\Modding\MoFurnaces-v2\build\natives;C:\Users\Matthew\Desktop\Modding\MoFurnaces-v2\build\natives;C:\Users\Matthew\Desktop\Modding\MoFurnaces-v2\build\natives;C:\Users\Matthew\Desktop\Modding\MoFurnaces-v2\build\natives -Dfile.encoding=Cp1252 
java_command: GradleStart
Launcher Type: SUN_STANDARD

Environment Variables:
PATH=C:/Program Files/Java/jre1.8.0_25/bin/server;C:/Program Files/Java/jre1.8.0_25/bin;C:/Program Files/Java/jre1.8.0_25/lib/amd64;C:\ProgramData\Oracle\Java\javapath;C:\WINDOWS\system32;C:\WINDOWS;C:\WINDOWS\System32\Wbem;C:\WINDOWS\System32\WindowsPowerShell\v1.0\;C:\Program Files (x86)\ATI Technologies\ATI.ACE\Core-Static;C:\Program Files\Java\jdk1.8.0_25\bin;C:\Users\Matthew\Desktop\Modding\eclipse-jee-luna-R-win32-x86_64\eclipse;
USERNAME=Matthew
OS=Windows_NT
PROCESSOR_IDENTIFIER=AMD64 Family 21 Model 16 Stepping 1, AuthenticAMD



---------------  S Y S T E M  ---------------

OS: Windows 8.1 , 64 bit Build 9600 

CPU:total 4 (4 cores per cpu, 1 threads per core) family 21 model 16 stepping 1, cmov, cx8, fxsr, mmx, sse, sse2, sse3, ssse3, sse4.1, sse4.2, popcnt, avx, aes, mmxext, 3dnowpref, lzcnt, sse4a, tsc, tscinvbit, tscinv

Memory: 4k page, physical 7812468k(5114940k free), swap 9713012k(4964116k free)

vm_info: Java HotSpot(TM) 64-Bit Server VM (24.71-b01) for windows-amd64 JRE (1.7.0_71-b14), built on Sep 26 2014 16:16:12 by "java_re" with unknown MS VC++:1600

time: Wed Oct 29 21:09:05 2014
elapsed time: 26 seconds

