#
# A fatal error has been detected by the Java Runtime Environment:
#
#  EXCEPTION_ACCESS_VIOLATION (0xc0000005) at pc=0x0000000014191066, pid=5156, tid=6320
#
# JRE version: Java(TM) SE Runtime Environment (7.0_71-b14) (build 1.7.0_71-b14)
# Java VM: Java HotSpot(TM) 64-Bit Server VM (24.71-b01 mixed mode windows-amd64 compressed oops)
# Problematic frame:
# C  [OpenAL64.dll+0x11066]
#
# Failed to write core dump. Minidumps are not enabled by default on client versions of Windows
#
# If you would like to submit a bug report, please visit:
#   http://bugreport.sun.com/bugreport/crash.jsp
# The crash happened outside the Java Virtual Machine in native code.
# See problematic frame for where to report the bug.
#

---------------  T H R E A D  ---------------

Current thread (0x0000000009ecb800):  JavaThread "Thread-8" [_thread_in_native, id=6320, stack(0x0000000014d80000,0x0000000014e80000)]

siginfo: ExceptionCode=0xc0000005, reading address 0x000000000cdd1004

Registers:
RAX=0x0000000000000004, RBX=0x0000000014fd8e10, RCX=0x000000000cdd1008, RDX=0x000000000cdd1004
RSP=0x0000000014e7ec60, RBP=0x00000000000000ff, RSI=0x000000000cdc8eec, RDI=0x0000000000000000
R8 =0x0000000000002046, R9 =0x000000000cdc8eec, R10=0x00000000023e2ae4, R11=0x0000000051cb3900
R12=0x0000000000000001, R13=0x00000000fc84a6c0, R14=0x0000000014e7edf8, R15=0x0000000009ecb800
RIP=0x0000000014191066, EFLAGS=0x0000000000010202

Top of Stack: (sp=0x0000000014e7ec60)
0x0000000014e7ec60:   0000000014e7ec78 0000000014e7ecc8
0x0000000014e7ec70:   00000000023d68c3 00000000caa44db8
0x0000000014e7ec80:   00000000d0da1310 0000000014e7ec88
0x0000000014e7ec90:   00000000fc1d22d4 0000000014e7ecd8
0x0000000014e7eca0:   00000000fc1d5de0 0000000051bdd848
0x0000000014e7ecb0:   0000000000000000 0000000009ecb800
0x0000000014e7ecc0:   0000000014e7ecd8 0000000000000007
0x0000000014e7ecd0:   0000000009ecb800 0000000014e7edf8
0x0000000014e7ece0:   00000000fc84a6c0 0000000000000000
0x0000000014e7ecf0:   000000000cdc8eec 00000000fc0c51e8
0x0000000014e7ed00:   0000000014e7edc0 000000001419248f
0x0000000014e7ed10:   0000000014fd8e10 0000000014fd8e10
0x0000000014e7ed20:   000000000000ac44 0000000000000004
0x0000000014e7ed30:   00000000023d6215 00000000023e2b10
0x0000000014e7ed40:   00000000fc84a6c0 00000000fc1d2bcd
0x0000000014e7ed50:   0000000014e7ed90 00000000fc1d5de0 

Instructions: (pc=0x0000000014191066)
0x0000000014191046:   41 2b ec 81 3a 03 00 02 00 75 09 8b 01 89 84 24
0x0000000014191056:   c8 00 00 00 49 83 c0 02 48 83 c1 08 4a 8d 14 86
0x0000000014191066:   39 3a 75 af 4c 8d 84 24 c0 00 00 00 48 8d 15 d7
0x0000000014191076:   2b 03 00 33 c9 e8 58 5f 00 00 b8 40 1f 00 00 4c 


Register to memory mapping:

RAX=0x0000000000000004 is an unknown value
RBX=0x0000000014fd8e10 is an unknown value
RCX=0x000000000cdd1008 is an unknown value
RDX=0x000000000cdd1004 is an unknown value
RSP=0x0000000014e7ec60 is pointing into the stack for thread: 0x0000000009ecb800
RBP=0x00000000000000ff is an unknown value
RSI=0x000000000cdc8eec is an unknown value
RDI=0x0000000000000000 is an unknown value
R8 =0x0000000000002046 is an unknown value
R9 =0x000000000cdc8eec is an unknown value
R10=0x00000000023e2ae4 is at code_begin+644 in an Interpreter codelet
method entry point (kind = native)  [0x00000000023e2860, 0x00000000023e3100]  2208 bytes
R11=0x0000000051cb3900 is an unknown value
R12=0x0000000000000001 is an unknown value
R13=0x00000000fc84a6c0 is an oop
{method} 
 - klass: {other class}
R14=0x0000000014e7edf8 is pointing into the stack for thread: 0x0000000009ecb800
R15=0x0000000009ecb800 is a thread


Stack: [0x0000000014d80000,0x0000000014e80000],  sp=0x0000000014e7ec60,  free space=1019k
Native frames: (J=compiled Java code, j=interpreted, Vv=VM code, C=native code)
C  [OpenAL64.dll+0x11066]

Java frames: (J=compiled Java code, j=interpreted, Vv=VM code)
j  org.lwjgl.openal.ALC10.nalcCreateContext(JJ)J+0
j  org.lwjgl.openal.ALC10.alcCreateContext(Lorg/lwjgl/openal/ALCdevice;Ljava/nio/IntBuffer;)Lorg/lwjgl/openal/ALCcontext;+8
j  org.lwjgl.openal.AL.init(Ljava/lang/String;IIZZ)V+69
j  org.lwjgl.openal.AL.create(Ljava/lang/String;IIZZ)V+227
j  org.lwjgl.openal.AL.create(Ljava/lang/String;IIZ)V+5
j  org.lwjgl.openal.AL.create()V+6
j  paulscode.sound.libraries.LibraryLWJGLOpenAL.init()V+2
j  paulscode.sound.SoundSystem.CommandNewLibrary(Ljava/lang/Class;)V+273
j  paulscode.sound.SoundSystem.CommandQueue(Lpaulscode/sound/CommandObject;)Z+1206
j  paulscode.sound.CommandThread.run()V+51
v  ~StubRoutines::call_stub

---------------  P R O C E S S  ---------------

Java Threads: ( => current thread )
  0x0000000015b57000 JavaThread "Thread-9" [_thread_blocked, id=3708, stack(0x0000000015060000,0x0000000015160000)]
=>0x0000000009ecb800 JavaThread "Thread-8" [_thread_in_native, id=6320, stack(0x0000000014d80000,0x0000000014e80000)]
  0x000000000cf0b000 JavaThread "Sound Library Loader" [_thread_blocked, id=1080, stack(0x0000000014080000,0x0000000014180000)]
  0x0000000009d2f000 JavaThread "Java2D Disposer" daemon [_thread_blocked, id=2788, stack(0x000000000ea90000,0x000000000eb90000)]
  0x000000000d4d0000 JavaThread "Timer hack thread" daemon [_thread_blocked, id=6464, stack(0x000000000e990000,0x000000000ea90000)]
  0x000000000ce82000 JavaThread "Snooper Timer" daemon [_thread_blocked, id=8068, stack(0x000000000c8e0000,0x000000000c9e0000)]
  0x0000000009c2b800 JavaThread "Service Thread" daemon [_thread_blocked, id=7032, stack(0x000000000a7c0000,0x000000000a8c0000)]
  0x0000000009c27000 JavaThread "C2 CompilerThread1" daemon [_thread_blocked, id=7328, stack(0x000000000a6c0000,0x000000000a7c0000)]
  0x0000000009c1e800 JavaThread "C2 CompilerThread0" daemon [_thread_in_native, id=5460, stack(0x000000000a5c0000,0x000000000a6c0000)]
  0x0000000009c1c000 JavaThread "Attach Listener" daemon [_thread_blocked, id=2204, stack(0x000000000a4c0000,0x000000000a5c0000)]
  0x0000000009c1a000 JavaThread "Signal Dispatcher" daemon [_thread_blocked, id=7144, stack(0x000000000a3c0000,0x000000000a4c0000)]
  0x0000000009c19000 JavaThread "Surrogate Locker Thread (Concurrent GC)" daemon [_thread_blocked, id=4032, stack(0x000000000a2c0000,0x000000000a3c0000)]
  0x0000000009be0000 JavaThread "Finalizer" daemon [_thread_blocked, id=3904, stack(0x000000000a1c0000,0x000000000a2c0000)]
  0x0000000009bd9000 JavaThread "Reference Handler" daemon [_thread_blocked, id=8132, stack(0x000000000a0c0000,0x000000000a1c0000)]
  0x00000000022d4800 JavaThread "Client thread" [_thread_in_Java, id=7304, stack(0x0000000002150000,0x0000000002250000)]

Other Threads:
  0x0000000009bd2000 VMThread [stack: 0x0000000009fc0000,0x000000000a0c0000] [id=6128]
  0x0000000009d44000 WatcherThread [stack: 0x000000000a8c0000,0x000000000a9c0000] [id=5604]

VM state:not at safepoint (normal execution)

VM Mutex/Monitor currently owned by a thread: None

Heap
 par new generation   total 306688K, used 293672K [0x00000000bae00000, 0x00000000cfac0000, 0x00000000cfac0000)
  eden space 272640K,  95% used [0x00000000bae00000, 0x00000000cab8a338, 0x00000000cb840000)
  from space 34048K, 100% used [0x00000000cd980000, 0x00000000cfac0000, 0x00000000cfac0000)
  to   space 34048K,   0% used [0x00000000cb840000, 0x00000000cb840000, 0x00000000cd980000)
 concurrent mark-sweep generation total 707840K, used 44149K [0x00000000cfac0000, 0x00000000fae00000, 0x00000000fae00000)
 concurrent-mark-sweep perm gen total 45488K, used 28157K [0x00000000fae00000, 0x00000000fda6c000, 0x0000000100000000)

Card table byte_map: [0x0000000005890000,0x0000000005ac0000] byte_map_base: 0x00000000052b9000

Polling page: 0x0000000000870000

Code Cache  [0x00000000023d0000, 0x00000000026d0000, 0x00000000053d0000)
 total_blobs=1428 nmethods=822 adapters=557 free_code_cache=46149Kb largest_free_block=47217920

Compilation events (10 events):
Event: 36.329 Thread 0x0000000009c27000 nmethod 884 0x00000000026bc310 code [0x00000000026bc480, 0x00000000026bc5e8]
Event: 36.341 Thread 0x0000000009c1e800  885             java.lang.StackTraceElement::getClassName (5 bytes)
Event: 36.341 Thread 0x0000000009c1e800 nmethod 885 0x00000000026bc110 code [0x00000000026bc240, 0x00000000026bc298]
Event: 36.570 Thread 0x0000000009c27000  886             org.lwjgl.opengl.GL11::glTexParameteri (24 bytes)
Event: 36.572 Thread 0x0000000009c27000 nmethod 886 0x00000000026bddd0 code [0x00000000026bdf20, 0x00000000026be028]
Event: 36.578 Thread 0x0000000009c1e800  888             java.nio.Buffer::remaining (10 bytes)
Event: 36.579 Thread 0x0000000009c1e800 nmethod 888 0x00000000026bd810 code [0x00000000026bd940, 0x00000000026bd998]
Event: 36.890 Thread 0x0000000009c27000  889             java.lang.AbstractStringBuilder::append (40 bytes)
Event: 36.892 Thread 0x0000000009c27000 nmethod 889 0x00000000026bd3d0 code [0x00000000026bd520, 0x00000000026bd688]
Event: 36.893 Thread 0x0000000009c1e800  890             com.google.gson.internal.bind.TypeAdapters$25::read (209 bytes)

GC Heap History (8 events):
Event: 2.551 GC heap before
{Heap before GC invocations=0 (full 0):
 par new generation   total 306688K, used 32720K [0x00000000bae00000, 0x00000000cfac0000, 0x00000000cfac0000)
  eden space 272640K,  12% used [0x00000000bae00000, 0x00000000bcdf41b8, 0x00000000cb840000)
  from space 34048K,   0% used [0x00000000cb840000, 0x00000000cb840000, 0x00000000cd980000)
  to   space 34048K,   0% used [0x00000000cd980000, 0x00000000cd980000, 0x00000000cfac0000)
 concurrent mark-sweep generation total 707840K, used 0K [0x00000000cfac0000, 0x00000000fae00000, 0x00000000fae00000)
 concurrent-mark-sweep perm gen total 21248K, used 9456K [0x00000000fae00000, 0x00000000fc2c0000, 0x0000000100000000)
Event: 2.592 GC heap after
Heap after GC invocations=1 (full 1):
 par new generation   total 306688K, used 0K [0x00000000bae00000, 0x00000000cfac0000, 0x00000000cfac0000)
  eden space 272640K,   0% used [0x00000000bae00000, 0x00000000bae00000, 0x00000000cb840000)
  from space 34048K,   0% used [0x00000000cb840000, 0x00000000cb840000, 0x00000000cd980000)
  to   space 34048K,   0% used [0x00000000cd980000, 0x00000000cd980000, 0x00000000cfac0000)
 concurrent mark-sweep generation total 707840K, used 4050K [0x00000000cfac0000, 0x00000000fae00000, 0x00000000fae00000)
 concurrent-mark-sweep perm gen total 21248K, used 9454K [0x00000000fae00000, 0x00000000fc2c0000, 0x0000000100000000)
}
Event: 14.285 GC heap before
{Heap before GC invocations=1 (full 2):
 par new generation   total 306688K, used 272640K [0x00000000bae00000, 0x00000000cfac0000, 0x00000000cfac0000)
  eden space 272640K, 100% used [0x00000000bae00000, 0x00000000cb840000, 0x00000000cb840000)
  from space 34048K,   0% used [0x00000000cb840000, 0x00000000cb840000, 0x00000000cd980000)
  to   space 34048K,   0% used [0x00000000cd980000, 0x00000000cd980000, 0x00000000cfac0000)
 concurrent mark-sweep generation total 707840K, used 4050K [0x00000000cfac0000, 0x00000000fae00000, 0x00000000fae00000)
 concurrent-mark-sweep perm gen total 21248K, used 18859K [0x00000000fae00000, 0x00000000fc2c0000, 0x0000000100000000)
Event: 14.332 GC heap after
Heap after GC invocations=2 (full 2):
 par new generation   total 306688K, used 29962K [0x00000000bae00000, 0x00000000cfac0000, 0x00000000cfac0000)
  eden space 272640K,   0% used [0x00000000bae00000, 0x00000000bae00000, 0x00000000cb840000)
  from space 34048K,  88% used [0x00000000cd980000, 0x00000000cf6c2ad8, 0x00000000cfac0000)
  to   space 34048K,   0% used [0x00000000cb840000, 0x00000000cb840000, 0x00000000cd980000)
 concurrent mark-sweep generation total 707840K, used 4050K [0x00000000cfac0000, 0x00000000fae00000, 0x00000000fae00000)
 concurrent-mark-sweep perm gen total 21248K, used 18859K [0x00000000fae00000, 0x00000000fc2c0000, 0x0000000100000000)
}
Event: 19.802 GC heap before
{Heap before GC invocations=2 (full 2):
 par new generation   total 306688K, used 302602K [0x00000000bae00000, 0x00000000cfac0000, 0x00000000cfac0000)
  eden space 272640K, 100% used [0x00000000bae00000, 0x00000000cb840000, 0x00000000cb840000)
  from space 34048K,  88% used [0x00000000cd980000, 0x00000000cf6c2ad8, 0x00000000cfac0000)
  to   space 34048K,   0% used [0x00000000cb840000, 0x00000000cb840000, 0x00000000cd980000)
 concurrent mark-sweep generation total 707840K, used 2077K [0x00000000cfac0000, 0x00000000fae00000, 0x00000000fae00000)
 concurrent-mark-sweep perm gen total 38316K, used 23015K [0x00000000fae00000, 0x00000000fd36b000, 0x0000000100000000)
Event: 19.933 GC heap after
Heap after GC invocations=3 (full 2):
 par new generation   total 306688K, used 34047K [0x00000000bae00000, 0x00000000cfac0000, 0x00000000cfac0000)
  eden space 272640K,   0% used [0x00000000bae00000, 0x00000000bae00000, 0x00000000cb840000)
  from space 34048K,  99% used [0x00000000cb840000, 0x00000000cd97fff8, 0x00000000cd980000)
  to   space 34048K,   0% used [0x00000000cd980000, 0x00000000cd980000, 0x00000000cfac0000)
 concurrent mark-sweep generation total 707840K, used 41782K [0x00000000cfac0000, 0x00000000fae00000, 0x00000000fae00000)
 concurrent-mark-sweep perm gen total 38316K, used 23015K [0x00000000fae00000, 0x00000000fd36b000, 0x0000000100000000)
}
Event: 24.861 GC heap before
{Heap before GC invocations=3 (full 3):
 par new generation   total 306688K, used 306687K [0x00000000bae00000, 0x00000000cfac0000, 0x00000000cfac0000)
  eden space 272640K, 100% used [0x00000000bae00000, 0x00000000cb840000, 0x00000000cb840000)
  from space 34048K,  99% used [0x00000000cb840000, 0x00000000cd97fff8, 0x00000000cd980000)
  to   space 34048K,   0% used [0x00000000cd980000, 0x00000000cd980000, 0x00000000cfac0000)
 concurrent mark-sweep generation total 707840K, used 41782K [0x00000000cfac0000, 0x00000000fae00000, 0x00000000fae00000)
 concurrent-mark-sweep perm gen total 38316K, used 26965K [0x00000000fae00000, 0x00000000fd36b000, 0x0000000100000000)
Event: 24.926 GC heap after
Heap after GC invocations=4 (full 3):
 par new generation   total 306688K, used 34048K [0x00000000bae00000, 0x00000000cfac0000, 0x00000000cfac0000)
  eden space 272640K,   0% used [0x00000000bae00000, 0x00000000bae00000, 0x00000000cb840000)
  from space 34048K, 100% used [0x00000000cd980000, 0x00000000cfac0000, 0x00000000cfac0000)
  to   space 34048K,   0% used [0x00000000cb840000, 0x00000000cb840000, 0x00000000cd980000)
 concurrent mark-sweep generation total 707840K, used 58917K [0x00000000cfac0000, 0x00000000fae00000, 0x00000000fae00000)
 concurrent-mark-sweep perm gen total 38316K, used 26965K [0x00000000fae00000, 0x00000000fd36b000, 0x0000000100000000)
}

Deoptimization events (10 events):
Event: 35.974 Thread 0x00000000022d4800 Uncommon trap: reason=class_check action=maybe_recompile pc=0x000000000261eeec method=com.google.common.collect.TransformedIterator.hasNext()Z @ 4
Event: 35.974 Thread 0x00000000022d4800 Uncommon trap: reason=class_check action=maybe_recompile pc=0x00000000026205a8 method=com.google.common.collect.TransformedIterator.next()Ljava/lang/Object; @ 5
Event: 35.974 Thread 0x00000000022d4800 Uncommon trap: reason=class_check action=maybe_recompile pc=0x0000000002633094 method=com.google.common.collect.Iterators$8.transform(Ljava/lang/Object;)Ljava/lang/Object; @ 5
Event: 35.974 Thread 0x00000000022d4800 Uncommon trap: reason=class_check action=maybe_recompile pc=0x000000000261eeec method=com.google.common.collect.TransformedIterator.hasNext()Z @ 4
Event: 35.974 Thread 0x00000000022d4800 Uncommon trap: reason=class_check action=maybe_recompile pc=0x00000000026205a8 method=com.google.common.collect.TransformedIterator.next()Ljava/lang/Object; @ 5
Event: 35.974 Thread 0x00000000022d4800 Uncommon trap: reason=class_check action=maybe_recompile pc=0x0000000002633094 method=com.google.common.collect.Iterators$8.transform(Ljava/lang/Object;)Ljava/lang/Object; @ 5
Event: 35.974 Thread 0x00000000022d4800 Uncommon trap: reason=class_check action=maybe_recompile pc=0x000000000261eeec method=com.google.common.collect.TransformedIterator.hasNext()Z @ 4
Event: 35.974 Thread 0x00000000022d4800 Uncommon trap: reason=class_check action=maybe_recompile pc=0x00000000026205a8 method=com.google.common.collect.TransformedIterator.next()Ljava/lang/Object; @ 5
Event: 35.974 Thread 0x00000000022d4800 Uncommon trap: reason=class_check action=maybe_recompile pc=0x0000000002633094 method=com.google.common.collect.Iterators$8.transform(Ljava/lang/Object;)Ljava/lang/Object; @ 5
Event: 36.034 Thread 0x00000000022d4800 Uncommon trap: reason=unreached action=reinterpret pc=0x0000000002637f9c method=net.minecraft.client.resources.Locale.checkUnicode()V @ 30

Internal exceptions (10 events):
Event: 37.078 Thread 0x0000000009ecb800 Threw 0x00000000caa356a8 at C:\re\jdk7u71\1605\hotspot\src\share\vm\prims\jvm.cpp:3002
Event: 37.079 Thread 0x0000000009ecb800 Threw 0x00000000caa36e50 at C:\re\jdk7u71\1605\hotspot\src\share\vm\prims\jvm.cpp:1281
Event: 37.079 Thread 0x0000000009ecb800 Threw 0x00000000caa37de8 at C:\re\jdk7u71\1605\hotspot\src\share\vm\prims\jvm.cpp:1281
Event: 37.079 Thread 0x0000000009ecb800 Threw 0x00000000caa38e58 at C:\re\jdk7u71\1605\hotspot\src\share\vm\prims\jvm.cpp:1281
Event: 37.079 Thread 0x0000000009ecb800 Threw 0x00000000caa3a148 at C:\re\jdk7u71\1605\hotspot\src\share\vm\prims\jvm.cpp:1281
Event: 37.079 Thread 0x0000000009ecb800 Threw 0x00000000caa3b0e0 at C:\re\jdk7u71\1605\hotspot\src\share\vm\prims\jvm.cpp:1281
Event: 37.079 Thread 0x0000000009ecb800 Threw 0x00000000caa3c150 at C:\re\jdk7u71\1605\hotspot\src\share\vm\prims\jvm.cpp:1281
Event: 37.079 Thread 0x0000000009ecb800 Threw 0x00000000caa3f820 at C:\re\jdk7u71\1605\hotspot\src\share\vm\prims\jvm.cpp:1281
Event: 37.079 Thread 0x0000000009ecb800 Threw 0x00000000caa407b8 at C:\re\jdk7u71\1605\hotspot\src\share\vm\prims\jvm.cpp:1281
Event: 37.079 Thread 0x0000000009ecb800 Threw 0x00000000caa41828 at C:\re\jdk7u71\1605\hotspot\src\share\vm\prims\jvm.cpp:1281

Events (10 events):
Event: 36.844 Executing VM operation: RevokeBias done
Event: 36.844 Executing VM operation: RevokeBias
Event: 36.844 Executing VM operation: RevokeBias done
Event: 36.852 Executing VM operation: RevokeBias
Event: 36.852 Executing VM operation: RevokeBias done
Event: 36.878 Thread 0x000000000cf0b000 Thread added: 0x000000000cf0b000
Event: 36.878 Thread 0x0000000009ecb800 Thread added: 0x0000000009ecb800
Event: 37.078 Executing VM operation: RevokeBias
Event: 37.078 Executing VM operation: RevokeBias done
Event: 37.079 Thread 0x0000000015b57000 Thread added: 0x0000000015b57000


Dynamic libraries:
0x00007ff6d8390000 - 0x00007ff6d83c3000 	C:\Program Files\Java\jre7\bin\javaw.exe
0x00007ffb440e0000 - 0x00007ffb44286000 	C:\WINDOWS\SYSTEM32\ntdll.dll
0x00007ffb42270000 - 0x00007ffb423aa000 	C:\WINDOWS\system32\KERNEL32.DLL
0x00007ffb41760000 - 0x00007ffb4186f000 	C:\WINDOWS\system32\KERNELBASE.dll
0x00007ffb40090000 - 0x00007ffb40118000 	C:\WINDOWS\system32\apphelp.dll
0x00007ffb37df0000 - 0x00007ffb37e3f000 	C:\WINDOWS\AppPatch\AppPatch64\AcGenral.DLL
0x00007ffb41be0000 - 0x00007ffb41c87000 	C:\WINDOWS\system32\msvcrt.dll
0x00007ffb412a0000 - 0x00007ffb412cb000 	C:\WINDOWS\SYSTEM32\SspiCli.dll
0x00007ffb41b80000 - 0x00007ffb41bd1000 	C:\WINDOWS\system32\SHLWAPI.dll
0x00007ffb43b30000 - 0x00007ffb43ca1000 	C:\WINDOWS\system32\USER32.dll
0x00007ffb419f0000 - 0x00007ffb41b68000 	C:\WINDOWS\system32\ole32.dll
0x00007ffb42590000 - 0x00007ffb4399f000 	C:\WINDOWS\system32\SHELL32.dll
0x00007ffb40ae0000 - 0x00007ffb40afe000 	C:\WINDOWS\SYSTEM32\USERENV.dll
0x00007ffb41ec0000 - 0x00007ffb41f65000 	C:\WINDOWS\system32\ADVAPI32.dll
0x00007ffb376a0000 - 0x00007ffb376bb000 	C:\WINDOWS\SYSTEM32\MPR.dll
0x00007ffb41d80000 - 0x00007ffb41eb7000 	C:\WINDOWS\system32\RPCRT4.dll
0x00007ffb43ad0000 - 0x00007ffb43b27000 	C:\WINDOWS\SYSTEM32\sechost.dll
0x00007ffb423b0000 - 0x00007ffb42586000 	C:\WINDOWS\SYSTEM32\combase.dll
0x00007ffb43e50000 - 0x00007ffb43f94000 	C:\WINDOWS\system32\GDI32.dll
0x00007ffb41460000 - 0x00007ffb41474000 	C:\WINDOWS\SYSTEM32\profapi.dll
0x00007ffb3fac0000 - 0x00007ffb3fb5f000 	C:\WINDOWS\SYSTEM32\SHCORE.dll
0x00007ffb41d40000 - 0x00007ffb41d74000 	C:\WINDOWS\system32\IMM32.DLL
0x00007ffb43fa0000 - 0x00007ffb440d9000 	C:\WINDOWS\system32\MSCTF.dll
0x00007ffb3f240000 - 0x00007ffb3f49a000 	C:\WINDOWS\WinSxS\amd64_microsoft.windows.common-controls_6595b64144ccf1df_6.0.9600.17031_none_6242a4b3ecbb55a1\COMCTL32.dll
0x00000000522b0000 - 0x0000000052382000 	C:\Program Files\Java\jre7\bin\msvcr100.dll
0x0000000051ad0000 - 0x00000000522a3000 	C:\Program Files\Java\jre7\bin\server\jvm.dll
0x00007ffb3cff0000 - 0x00007ffb3cff9000 	C:\WINDOWS\SYSTEM32\WSOCK32.dll
0x00007ffb36cf0000 - 0x00007ffb36d0f000 	C:\WINDOWS\SYSTEM32\WINMM.dll
0x00007ffb41b70000 - 0x00007ffb41b77000 	C:\WINDOWS\system32\PSAPI.DLL
0x00007ffb41f80000 - 0x00007ffb41fd8000 	C:\WINDOWS\system32\WS2_32.dll
0x00007ffb36cc0000 - 0x00007ffb36cea000 	C:\WINDOWS\SYSTEM32\WINMMBASE.dll
0x00007ffb41f70000 - 0x00007ffb41f79000 	C:\WINDOWS\system32\NSI.dll
0x00007ffb41530000 - 0x00007ffb4157a000 	C:\WINDOWS\SYSTEM32\cfgmgr32.dll
0x00007ffb402e0000 - 0x00007ffb40306000 	C:\WINDOWS\SYSTEM32\DEVOBJ.dll
0x0000000051ac0000 - 0x0000000051acf000 	C:\Program Files\Java\jre7\bin\verify.dll
0x0000000051a90000 - 0x0000000051ab8000 	C:\Program Files\Java\jre7\bin\java.dll
0x0000000051a70000 - 0x0000000051a85000 	C:\Program Files\Java\jre7\bin\zip.dll
0x0000000051a60000 - 0x0000000051a6b000 	C:\Program Files\Java\jre7\bin\management.dll
0x0000000051a40000 - 0x0000000051a59000 	C:\Program Files\Java\jre7\bin\net.dll
0x00007ffb40cd0000 - 0x00007ffb40d28000 	C:\WINDOWS\system32\mswsock.dll
0x0000000051a20000 - 0x0000000051a31000 	C:\Program Files\Java\jre7\bin\nio.dll
0x00007ffb38220000 - 0x00007ffb38234000 	C:\WINDOWS\system32\napinsp.dll
0x00007ffb38240000 - 0x00007ffb38259000 	C:\WINDOWS\system32\pnrpnsp.dll
0x00007ffb3ed30000 - 0x00007ffb3ed49000 	C:\WINDOWS\system32\NLAapi.dll
0x00007ffb40970000 - 0x00007ffb40a13000 	C:\WINDOWS\SYSTEM32\DNSAPI.dll
0x00007ffb38260000 - 0x00007ffb3826c000 	C:\WINDOWS\System32\winrnr.dll
0x00007ffb38270000 - 0x00007ffb38283000 	C:\WINDOWS\system32\wshbth.dll
0x00007ffb391d0000 - 0x00007ffb391d9000 	C:\Windows\System32\rasadhlp.dll
0x00007ffb3cfc0000 - 0x00007ffb3cfe9000 	C:\WINDOWS\SYSTEM32\IPHLPAPI.DLL
0x00007ffb3cc80000 - 0x00007ffb3cc8a000 	C:\WINDOWS\SYSTEM32\WINNSI.DLL
0x00007ffb3c570000 - 0x00007ffb3c5d8000 	C:\WINDOWS\System32\fwpuclnt.dll
0x0000000180000000 - 0x0000000180051000 	C:\Users\Matthew\Desktop\Modding\MoFurnaces-v2\build\natives\lwjgl64.dll
0x00007ffb20a50000 - 0x00007ffb20b71000 	C:\WINDOWS\SYSTEM32\OPENGL32.dll
0x00007ffb3e790000 - 0x00007ffb3e79a000 	C:\WINDOWS\SYSTEM32\VERSION.dll
0x00007ffb2f0d0000 - 0x00007ffb2f0fc000 	C:\WINDOWS\SYSTEM32\GLU32.dll
0x00007ffb1f0a0000 - 0x00007ffb1f194000 	C:\WINDOWS\SYSTEM32\DDRAW.dll
0x00007ffb37950000 - 0x00007ffb37959000 	C:\WINDOWS\SYSTEM32\DCIMAN32.dll
0x00007ffb40c80000 - 0x00007ffb40c9e000 	C:\WINDOWS\SYSTEM32\CRYPTSP.dll
0x00007ffb40930000 - 0x00007ffb40965000 	C:\WINDOWS\system32\rsaenh.dll
0x00007ffb40fb0000 - 0x00007ffb40fd6000 	C:\WINDOWS\SYSTEM32\bcrypt.dll
0x00007ffb412d0000 - 0x00007ffb41330000 	C:\WINDOWS\system32\bcryptprimitives.dll
0x00007ffb41330000 - 0x00007ffb4133a000 	C:\WINDOWS\SYSTEM32\CRYPTBASE.dll
0x00007ffb3c540000 - 0x00007ffb3c554000 	C:\WINDOWS\SYSTEM32\dhcpcsvc6.DLL
0x00007ffb3c7a0000 - 0x00007ffb3c7b9000 	C:\WINDOWS\SYSTEM32\dhcpcsvc.DLL
0x0000000051880000 - 0x0000000051a15000 	C:\Program Files\Java\jre7\bin\awt.dll
0x00007ffb43a10000 - 0x00007ffb43ac7000 	C:\WINDOWS\system32\OLEAUT32.dll
0x00007ffb40160000 - 0x00007ffb40281000 	C:\WINDOWS\system32\uxtheme.dll
0x00007ffb3f8f0000 - 0x00007ffb3f910000 	C:\WINDOWS\system32\dwmapi.dll
0x00007ffb32390000 - 0x00007ffb323a8000 	C:\WINDOWS\SYSTEM32\atig6pxx.dll
0x0000000052650000 - 0x0000000054194000 	C:\WINDOWS\SYSTEM32\atio6axx.dll
0x00007ffb42080000 - 0x00007ffb42254000 	C:\WINDOWS\system32\SETUPAPI.dll
0x00007ffb3d380000 - 0x00007ffb3d4b7000 	C:\WINDOWS\SYSTEM32\atiadlxx.dll
0x00007ffb3c3d0000 - 0x00007ffb3c53f000 	C:\WINDOWS\SYSTEM32\PROPSYS.dll
0x00007ffb3f130000 - 0x00007ffb3f141000 	C:\WINDOWS\SYSTEM32\WTSAPI32.dll
0x00007ffb41920000 - 0x00007ffb4196c000 	C:\WINDOWS\system32\WINTRUST.dll
0x00007ffb41580000 - 0x00007ffb41757000 	C:\WINDOWS\system32\CRYPT32.dll
0x00007ffb41510000 - 0x00007ffb41522000 	C:\WINDOWS\system32\MSASN1.dll
0x00007ffb2d180000 - 0x00007ffb2d1a9000 	C:\WINDOWS\SYSTEM32\atig6txx.dll
0x00007ffb40330000 - 0x00007ffb4033a000 	C:\WINDOWS\SYSTEM32\kernel.appcore.dll
0x00007ffb277c0000 - 0x00007ffb2784d000 	C:\WINDOWS\SYSTEM32\mscms.dll
0x00007ffb1efb0000 - 0x00007ffb1eff1000 	C:\WINDOWS\SYSTEM32\icm32.dll
0x0000000070a40000 - 0x0000000070adc000 	C:\Users\Matthew\Desktop\Modding\MoFurnaces-v2\build\natives\avutil-ttv-51.dll
0x0000000065980000 - 0x00000000659d6000 	C:\Users\Matthew\Desktop\Modding\MoFurnaces-v2\build\natives\swresample-ttv-0.dll
0x000000006eb80000 - 0x000000006ec50000 	C:\Users\Matthew\Desktop\Modding\MoFurnaces-v2\build\natives\libmp3lame-ttv.dll
0x00007ffb11300000 - 0x00007ffb126a4000 	C:\Users\Matthew\Desktop\Modding\MoFurnaces-v2\build\natives\libmfxsw64.dll
0x00007ffb2c5b0000 - 0x00007ffb2c6db000 	C:\Users\Matthew\Desktop\Modding\MoFurnaces-v2\build\natives\twitchsdk.dll
0x00007ffb3a020000 - 0x00007ffb3a25b000 	C:\WINDOWS\SYSTEM32\WININET.dll
0x00007ffb3a260000 - 0x00007ffb3a510000 	C:\WINDOWS\SYSTEM32\iertutil.dll
0x0000000014180000 - 0x00000000141e4000 	C:\Users\Matthew\Desktop\Modding\MoFurnaces-v2\build\natives\OpenAL64.dll
0x00007ffb41c90000 - 0x00007ffb41d34000 	C:\WINDOWS\SYSTEM32\clbcatq.dll
0x00007ffb3eae0000 - 0x00007ffb3eb42000 	C:\WINDOWS\System32\MMDevApi.dll
0x00007ffb181a0000 - 0x00007ffb18227000 	C:\WINDOWS\SYSTEM32\dsound.dll
0x00007ffb41400000 - 0x00007ffb41445000 	C:\WINDOWS\SYSTEM32\POWRPROF.dll
0x00007ffb36920000 - 0x00007ffb36996000 	C:\WINDOWS\SYSTEM32\AUDIOSES.DLL
0x00007ffb3e8f0000 - 0x00007ffb3ea78000 	C:\WINDOWS\SYSTEM32\dbghelp.dll

VM Arguments:
jvm_args: -Xincgc -Xmx1024M -Xms1024M -Djava.library.path=C:\Users\Matthew\Desktop\Modding\MoFurnaces-v2\build\natives;C:\Users\Matthew\Desktop\Modding\MoFurnaces-v2\build\natives;C:\Users\Matthew\Desktop\Modding\MoFurnaces-v2\build\natives;C:\Users\Matthew\Desktop\Modding\MoFurnaces-v2\build\natives;C:\Users\Matthew\Desktop\Modding\MoFurnaces-v2\build\natives;C:\Users\Matthew\Desktop\Modding\MoFurnaces-v2\build\natives;C:\Users\Matthew\Desktop\Modding\MoFurnaces-v2\build\natives;C:\Users\Matthew\Desktop\Modding\MoFurnaces-v2\build\natives;C:\Users\Matthew\Desktop\Modding\MoFurnaces-v2\build\natives;C:\Users\Matthew\Desktop\Modding\MoFurnaces-v2\build\natives -Dfile.encoding=Cp1252 
java_command: GradleStart
Launcher Type: SUN_STANDARD

Environment Variables:
PATH=C:/Program Files/Java/jre1.8.0_25/bin/server;C:/Program Files/Java/jre1.8.0_25/bin;C:/Program Files/Java/jre1.8.0_25/lib/amd64;C:\ProgramData\Oracle\Java\javapath;C:\WINDOWS\system32;C:\WINDOWS;C:\WINDOWS\System32\Wbem;C:\WINDOWS\System32\WindowsPowerShell\v1.0\;C:\Program Files (x86)\ATI Technologies\ATI.ACE\Core-Static;C:\Program Files\Java\jdk1.8.0_25\bin;C:\Users\Matthew\Desktop\Modding\eclipse-jee-luna-R-win32-x86_64\eclipse;
USERNAME=Matthew
OS=Windows_NT
PROCESSOR_IDENTIFIER=AMD64 Family 21 Model 16 Stepping 1, AuthenticAMD



---------------  S Y S T E M  ---------------

OS: Windows 8.1 , 64 bit Build 9600 

CPU:total 4 (4 cores per cpu, 1 threads per core) family 21 model 16 stepping 1, cmov, cx8, fxsr, mmx, sse, sse2, sse3, ssse3, sse4.1, sse4.2, popcnt, avx, aes, mmxext, 3dnowpref, lzcnt, sse4a, tsc, tscinvbit, tscinv

Memory: 4k page, physical 7812468k(4292808k free), swap 9778548k(3986684k free)

vm_info: Java HotSpot(TM) 64-Bit Server VM (24.71-b01) for windows-amd64 JRE (1.7.0_71-b14), built on Sep 26 2014 16:16:12 by "java_re" with unknown MS VC++:1600

time: Sun Nov 02 21:19:09 2014
elapsed time: 37 seconds

